~ ~/zuda/qcu
~/configure ~ ~/zuda/qcu
HOME:/public/home/zhangxin/configure
~ ~/zuda/qcu
~/content ~ ~/zuda/qcu
HOME:/public/home/zhangxin/content
~ ~/zuda/qcu
~/zuda ~ ~/zuda/qcu
HOME:/public/home/zhangxin/zuda
~ ~/zuda/qcu
~/zuda/qcu
PATH:/public/home/zhangxin/zuda/qcu
~/zuda ~/zuda/qcu
HOME:/public/home/zhangxin/zuda
~/zuda/qcu
~/zuda/qcu/cuda ~/zuda/qcu
nvcc -shared -Xcompiler -fPIC -o libqcu.so qcu_cuda.cu -I/public/home/zhangxin/external-libraries/PyQuda-master/pyquda/include/qcu -arch=sm_80 -O3 --maxrregcount=512  
cp libqcu.so ../../lib/
rm libqcu.so
~/zuda/qcu
~/external-libraries/PyQuda-master ~/zuda/qcu
Looking in indexes: https://pypi.org/simple, https://pypi.ngc.nvidia.com
Processing /public/home/zhangxin/external-libraries/PyQuda-master
Building wheels for collected packages: PyQuda
  Building wheel for PyQuda (setup.py): started
  Building wheel for PyQuda (setup.py): finished with status 'done'
  Created wheel for PyQuda: filename=PyQuda-0.3.2-cp39-cp39-linux_x86_64.whl size=282891 sha256=bc327561554e74d1c111b0e87022f090195dab3d5ae5b094a79ae440a634103b
  Stored in directory: /tmp/pip-ephem-wheel-cache-6_l6x25c/wheels/10/17/25/727695fa32f628aa5ececf172e4c6604cc0b8a222d20cddd7f
Successfully built PyQuda
Installing collected packages: PyQuda
Successfully installed PyQuda-0.3.2
~/zuda/qcu
Disabling GPU-Direct RDMA access
Enabling peer-to-peer copy engine and direct load/store access
QUDA 1.1.0 (git 1.1.0--sm_80)
CUDA Driver version = 11040
CUDA Runtime version = 11040
Graphic driver version = 470.42.01
Found device 0: NVIDIA A100-PCIE-40GB
Using device 0: NVIDIA A100-PCIE-40GB
WARNING: Data reordering done on GPU (set with QUDA_REORDER_LOCATION=GPU/CPU)
Loaded 20 sets of cached parameters from .cache/tunecache.tsv
Loaded 20 sets of cached parameters from .cache/tunecache.tsv
WARNING: Using device memory pool allocator
WARNING: Using pinned memory pool allocator
cublasCreated successfully
===============round  0 ======================
Creating Gaussian distributed Lie group field with sigma = 1.000000e+00
Quda dslash: 0.004402923863381147 sec
wilson dslash total time: (without malloc free memcpy) : 0.002873452 sec
wilson dslash total time: (without malloc free memcpy) : 0.002865411 sec
QCU dslash: 0.01322420802898705 sec
difference:  2.8394355260767634e-16
===============round  1 ======================
Creating Gaussian distributed Lie group field with sigma = 1.000000e+00
Quda dslash: 0.003848512889817357 sec
wilson dslash total time: (without malloc free memcpy) : 0.002350379 sec
wilson dslash total time: (without malloc free memcpy) : 0.002337439 sec
QCU dslash: 0.009502945933490992 sec
difference:  2.8396044717032265e-16
===============round  2 ======================
Creating Gaussian distributed Lie group field with sigma = 1.000000e+00
Quda dslash: 0.0038478909991681576 sec
wilson dslash total time: (without malloc free memcpy) : 0.002350374 sec
wilson dslash total time: (without malloc free memcpy) : 0.002331028 sec
QCU dslash: 0.009493706980720162 sec
difference:  2.8395803488167056e-16
===============round  3 ======================
Creating Gaussian distributed Lie group field with sigma = 1.000000e+00
Quda dslash: 0.003833379130810499 sec
wilson dslash total time: (without malloc free memcpy) : 0.002350353 sec
wilson dslash total time: (without malloc free memcpy) : 0.002336045 sec
QCU dslash: 0.009529903065413237 sec
difference:  2.8399471640453267e-16
===============round  4 ======================
Creating Gaussian distributed Lie group field with sigma = 1.000000e+00
Quda dslash: 0.003744114888831973 sec
wilson dslash total time: (without malloc free memcpy) : 0.001704900 sec
wilson dslash total time: (without malloc free memcpy) : 0.001687707 sec
QCU dslash: 0.008178517920896411 sec
difference:  2.8396925826268886e-16
WARNING: Environment variable QUDA_PROFILE_OUTPUT_BASE not set; writing to profile.tsv and profile_async.tsv
Saving 20 sets of cached parameters to .cache/profile_0.tsv
Saving 0 sets of cached profiles to .cache/profile_async_0.tsv

               initQuda Total time =     3.525 secs
                     init     =     3.525 secs ( 99.999%),	 with        2 calls at 1.762e+06 us per call
        total accounted       =     3.525 secs ( 99.999%)
        total missing         =     0.000 secs (  0.001%)

          loadGaugeQuda Total time =     0.125 secs
                 download     =     0.056 secs ( 44.453%),	 with       10 calls at 5.554e+03 us per call
                   upload     =     0.020 secs ( 16.287%),	 with        5 calls at 4.070e+03 us per call
                     init     =     0.031 secs ( 24.996%),	 with       10 calls at 3.123e+03 us per call
                  compute     =     0.018 secs ( 14.143%),	 with       10 calls at 1.767e+03 us per call
                     free     =     0.000 secs (  0.030%),	 with       10 calls at 3.700e+00 us per call
        total accounted       =     0.125 secs ( 99.909%)
        total missing         =     0.000 secs (  0.091%)

             dslashQuda Total time =     0.004 secs
                 download     =     0.000 secs (  4.576%),	 with       10 calls at 1.770e+01 us per call
                   upload     =     0.000 secs (  1.913%),	 with       10 calls at 7.400e+00 us per call
                     init     =     0.000 secs (  6.205%),	 with       10 calls at 2.400e+01 us per call
                  compute     =     0.003 secs ( 86.582%),	 with       10 calls at 3.349e+02 us per call
                     free     =     0.000 secs (  0.233%),	 with       10 calls at 9.000e-01 us per call
        total accounted       =     0.004 secs ( 99.509%)
        total missing         =     0.000 secs (  0.491%)

                endQuda Total time =     0.015 secs

       initQuda-endQuda Total time =     4.288 secs

                   QUDA Total time =     3.847 secs
                 download     =     0.056 secs (  1.449%),	 with       20 calls at 2.786e+03 us per call
                   upload     =     0.020 secs (  0.531%),	 with       15 calls at 1.362e+03 us per call
                     init     =     3.556 secs ( 92.450%),	 with       22 calls at 1.617e+05 us per call
                  compute     =     0.200 secs (  5.189%),	 with       25 calls at 7.985e+03 us per call
                     free     =     0.000 secs (  0.001%),	 with       20 calls at 2.250e+00 us per call
        total accounted       =     3.832 secs ( 99.620%)
        total missing         =     0.015 secs (  0.380%)

Device memory used = 2839.5 MiB
Pinned device memory used = 0.0 MiB
Managed memory used = 0.0 MiB
Shmem memory used = 0.0 MiB
Page-locked host memory used = 84.0 MiB
Total host memory used >= 115.5 MiB

